[keepalive] Installing dependencies...
bun install v1.3.10 (30e609e0)
No packages! Deleted empty lockfile

[1.00ms] done
[keepalive] Running bun run dev...
$ bun --hot index.ts
[2026-04-03T12:39:59.301Z] Keepalive service started on port 3001
[2026-04-03T12:39:59.301Z] Pinging http://localhost:3000 every 10s
[2026-04-03T12:39:59.307Z] Status endpoint: http://localhost:3001
[2026-04-03T12:46:29.305Z] Server not responding
[2026-04-03T12:46:49.304Z] Server not responding
[2026-04-03T12:46:59.304Z] Server not responding
[2026-04-03T12:47:09.305Z] Server not responding
[2026-04-03T12:59:29.310Z] Server not responding
[2026-04-03T12:59:39.309Z] Server not responding
[2026-04-03T12:59:49.309Z] Server not responding
[2026-04-03T12:59:59.309Z] Server not responding
[2026-04-03T13:00:09.309Z] Server not responding
[2026-04-03T13:00:19.309Z] Server not responding
[2026-04-03T13:00:29.309Z] Server not responding
[2026-04-03T13:00:39.309Z] Server not responding
[2026-04-03T13:00:49.310Z] Server not responding
[2026-04-03T13:00:59.309Z] Server not responding
[2026-04-03T13:01:09.310Z] Server not responding
[2026-04-03T13:01:19.310Z] Server not responding
[2026-04-03T13:01:29.310Z] Server not responding
[2026-04-03T13:01:39.310Z] Server not responding
[2026-04-03T13:01:49.310Z] Server not responding
[2026-04-03T13:01:59.310Z] Server not responding
[2026-04-03T13:02:09.310Z] Server not responding
[2026-04-03T13:02:19.310Z] Server not responding
[2026-04-03T13:02:29.310Z] Server not responding
[2026-04-03T13:02:39.310Z] Server not responding
[2026-04-03T13:02:49.310Z] Server not responding
[2026-04-03T13:02:59.310Z] Server not responding
[2026-04-03T13:03:09.310Z] Server not responding
[2026-04-03T13:03:19.310Z] Server not responding
[2026-04-03T13:03:29.311Z] Server not responding
[2026-04-03T13:03:39.311Z] Server not responding
[2026-04-03T13:03:49.311Z] Server not responding
[2026-04-03T13:03:59.311Z] Server not responding
[2026-04-03T13:04:09.311Z] Server not responding
[2026-04-03T13:04:19.311Z] Server not responding
[2026-04-03T13:04:29.311Z] Server not responding
[2026-04-03T13:04:39.311Z] Server not responding
[2026-04-03T13:04:49.311Z] Server not responding
[2026-04-03T13:04:59.311Z] Server not responding
[2026-04-03T13:05:09.311Z] Server not responding
[2026-04-03T13:05:19.311Z] Server not responding
[2026-04-03T13:05:29.311Z] Server not responding
[2026-04-03T13:05:39.311Z] Server not responding
[2026-04-03T13:05:49.311Z] Server not responding
[2026-04-03T13:15:59.315Z] Server not responding
[2026-04-03T13:16:09.315Z] Server not responding
[2026-04-03T13:16:19.315Z] Server not responding
[2026-04-03T13:16:29.315Z] Server not responding
[2026-04-03T13:16:39.315Z] Server not responding
[2026-04-03T13:16:49.315Z] Server not responding
[2026-04-03T13:16:59.315Z] Server not responding
[2026-04-03T13:17:09.315Z] Server not responding
[2026-04-03T13:17:19.315Z] Server not responding
[2026-04-03T13:17:29.316Z] Server not responding
[2026-04-03T13:17:39.316Z] Server not responding
[2026-04-03T13:17:49.316Z] Server not responding
[2026-04-03T13:17:59.316Z] Server not responding
[2026-04-03T13:18:09.317Z] Server not responding
[2026-04-03T13:18:19.316Z] Server not responding
[2026-04-03T13:18:29.316Z] Server not responding
[2026-04-03T13:18:39.316Z] Server not responding
[2026-04-03T13:18:49.316Z] Server not responding
[2026-04-03T13:18:59.316Z] Server not responding
[2026-04-03T13:19:09.316Z] Server not responding
[2026-04-03T13:19:19.316Z] Server not responding
[2026-04-03T13:19:29.316Z] Server not responding
[2026-04-03T13:19:39.316Z] Server not responding
[2026-04-03T13:19:49.317Z] Server not responding
[2026-04-03T13:19:59.316Z] Server not responding
[2026-04-03T13:20:09.317Z] Server not responding
[2026-04-03T13:20:19.317Z] Server not responding
[2026-04-03T13:20:29.317Z] Server not responding
[2026-04-03T13:20:39.317Z] Server not responding
[2026-04-03T13:20:49.317Z] Server not responding
[2026-04-03T13:20:59.317Z] Server not responding
[2026-04-03T13:21:09.317Z] Server not responding
[2026-04-03T13:21:19.317Z] Server not responding
[2026-04-03T13:21:29.318Z] Server not responding
[2026-04-03T13:21:39.317Z] Server not responding
[2026-04-03T13:21:49.317Z] Server not responding
[2026-04-03T13:21:59.317Z] Server not responding
[2026-04-03T13:22:09.317Z] Server not responding
[2026-04-03T13:22:19.317Z] Server not responding
[2026-04-03T13:22:29.318Z] Server not responding
[2026-04-03T13:22:39.318Z] Server not responding
[2026-04-03T13:22:49.318Z] Server not responding
[2026-04-03T13:22:59.318Z] Server not responding
[2026-04-03T13:23:09.318Z] Server not responding
[2026-04-03T13:23:19.318Z] Server not responding
[2026-04-03T13:23:29.318Z] Server not responding
[2026-04-03T13:23:39.319Z] Server not responding
[2026-04-03T13:23:49.319Z] Server not responding
[2026-04-03T13:23:59.319Z] Server not responding
[2026-04-03T13:24:09.318Z] Server not responding
[2026-04-03T13:24:19.318Z] Server not responding
[2026-04-03T13:24:29.318Z] Server not responding
[2026-04-03T13:24:39.318Z] Server not responding
[2026-04-03T13:24:49.318Z] Server not responding
[2026-04-03T13:24:59.318Z] Server not responding
[2026-04-03T13:25:09.319Z] Server not responding
[2026-04-03T13:25:19.319Z] Server not responding
[2026-04-03T13:25:29.320Z] Server not responding
[2026-04-03T13:25:39.319Z] Server not responding
[2026-04-03T13:25:49.319Z] Server not responding
[2026-04-03T13:25:59.319Z] Server not responding
[2026-04-03T13:26:09.320Z] Server not responding
[2026-04-03T13:26:19.319Z] Server not responding
[2026-04-03T13:26:29.319Z] Server not responding
[2026-04-03T13:26:39.319Z] Server not responding
[2026-04-03T13:26:49.319Z] Server not responding
[2026-04-03T13:26:59.319Z] Server not responding
[2026-04-03T13:27:09.319Z] Server not responding
[2026-04-03T13:27:19.319Z] Server not responding
[2026-04-03T13:27:29.319Z] Server not responding
[2026-04-03T13:27:39.319Z] Server not responding
[2026-04-03T13:27:49.319Z] Server not responding
[2026-04-03T13:27:59.320Z] Server not responding
[2026-04-03T13:28:09.320Z] Server not responding
[2026-04-03T13:28:19.320Z] Server not responding
[2026-04-03T13:28:29.320Z] Server not responding
[2026-04-03T13:28:39.320Z] Server not responding
[2026-04-03T13:28:49.320Z] Server not responding
[2026-04-03T13:28:59.320Z] Server not responding
[2026-04-03T13:29:09.320Z] Server not responding
[2026-04-03T13:29:19.320Z] Server not responding
[2026-04-03T13:29:39.320Z] Server not responding
[2026-04-03T13:29:49.320Z] Server not responding
[2026-04-03T13:29:59.320Z] Server not responding
[2026-04-03T13:30:09.321Z] Server not responding
[2026-04-03T13:30:19.320Z] Server not responding
[2026-04-03T13:30:39.321Z] Server not responding
[2026-04-03T13:30:49.320Z] Server not responding
[2026-04-03T13:30:59.321Z] Server not responding
[2026-04-03T13:31:09.321Z] Server not responding
[2026-04-03T13:31:19.321Z] Server not responding
[2026-04-03T13:31:29.321Z] Server not responding
[2026-04-03T13:31:39.321Z] Server not responding
[2026-04-03T13:31:49.321Z] Server not responding
[2026-04-03T13:31:59.321Z] Server not responding
[2026-04-03T13:32:19.321Z] Server not responding
[2026-04-03T13:32:29.321Z] Server not responding
[2026-04-03T13:32:39.321Z] Server not responding
[2026-04-03T13:32:49.321Z] Server not responding
[2026-04-03T13:32:59.321Z] Server not responding
[2026-04-03T13:33:09.321Z] Server not responding
[2026-04-03T13:33:19.322Z] Server not responding
[2026-04-03T13:33:29.322Z] Server not responding
[2026-04-03T13:33:39.322Z] Server not responding
[2026-04-03T13:33:49.322Z] Server not responding
[2026-04-03T13:33:59.322Z] Server not responding
[2026-04-03T13:34:09.322Z] Server not responding
[2026-04-03T13:34:19.322Z] Server not responding
[2026-04-03T13:34:29.322Z] Server not responding
[2026-04-03T13:34:39.322Z] Server not responding
[2026-04-03T13:34:49.322Z] Server not responding
[2026-04-03T13:34:59.322Z] Server not responding
[2026-04-03T13:35:09.322Z] Server not responding
[2026-04-03T13:35:39.322Z] Server not responding
[2026-04-03T13:35:49.322Z] Server not responding
[2026-04-03T13:35:59.322Z] Server not responding
[2026-04-03T13:36:09.323Z] Server not responding
[2026-04-03T13:36:19.323Z] Server not responding
[2026-04-03T13:36:29.323Z] Server not responding
[2026-04-03T13:36:39.323Z] Server not responding
[2026-04-03T13:36:49.323Z] Server not responding
[2026-04-03T13:36:59.323Z] Server not responding
[2026-04-03T13:37:09.323Z] Server not responding
[2026-04-03T13:37:19.323Z] Server not responding
[2026-04-03T13:37:29.324Z] Server not responding
[2026-04-03T13:37:39.323Z] Server not responding
